<?xml version="1.0" encoding="UTF-8"?>
<!-- Generated by org.testng.reporters.JUnitReportReporter -->
<testsuite hostname="DESKTOP-V185R8G" failures="0" tests="2" name="com.opensource.qa.TC001_Admin_SearchEmployee" time="2.151" errors="1" timestamp="06 Jan 2022 23:11:43 GMT" skipped="1">
  <testcase classname="com.opensource.qa.TC001_Admin_SearchEmployee" name="f" time="0.000">
    <skipped/>
  </testcase> <!-- f -->
  <testcase classname="com.opensource.qa.TC001_Admin_SearchEmployee" name="beforeTest" time="2.151">
    <error message="session not created: This version of ChromeDriver only supports Chrome version 97
Current browser version is 96.0.4664.110 with binary path C:\Program Files\Google\Chrome\Application\chrome.exe
Build info: version: &#039;3.141.59&#039;, revision: &#039;e82be7d358&#039;, time: &#039;2018-11-14T08:17:03&#039;
System info: host: &#039;DESKTOP-V185R8G&#039;, ip: &#039;192.168.0.2&#039;, os.name: &#039;Windows 10&#039;, os.arch: &#039;amd64&#039;, os.version: &#039;10.0&#039;, java.version: &#039;16.0.1&#039;
Driver info: driver.version: ChromeDriver
remote stacktrace: Backtrace:
	Ordinal0 [0x0121FDC3+2555331]
	Ordinal0 [0x011B77F1+2127857]
	Ordinal0 [0x010B2E08+1060360]
	Ordinal0 [0x010D19CA+1186250]
	Ordinal0 [0x010CD825+1169445]
	Ordinal0 [0x010CAFC1+1159105]
	Ordinal0 [0x010FC22F+1360431]
	Ordinal0 [0x010FBE9A+1359514]
	Ordinal0 [0x010F7976+1341814]
	Ordinal0 [0x010D36B6+1193654]
	Ordinal0 [0x010D4546+1197382]
	GetHandleVerifier [0x013B9622+1619522]
	GetHandleVerifier [0x0146882C+2336844]
	GetHandleVerifier [0x012B23E1+541697]
	GetHandleVerifier [0x012B1443+537699]
	Ordinal0 [0x011BD18E+2150798]
	Ordinal0 [0x011C1518+2168088]
	Ordinal0 [0x011C1660+2168416]
	Ordinal0 [0x011CB330+2208560]
	BaseThreadInitThunk [0x759CFA29+25]
	RtlGetAppContainerNamedObjectPath [0x77817A9E+286]
	RtlGetAppContainerNamedObjectPath [0x77817A6E+238]
" type="org.openqa.selenium.SessionNotCreatedException">
      <![CDATA[org.openqa.selenium.SessionNotCreatedException: session not created: This version of ChromeDriver only supports Chrome version 97
Current browser version is 96.0.4664.110 with binary path C:\Program Files\Google\Chrome\Application\chrome.exe
Build info: version: '3.141.59', revision: 'e82be7d358', time: '2018-11-14T08:17:03'
System info: host: 'DESKTOP-V185R8G', ip: '192.168.0.2', os.name: 'Windows 10', os.arch: 'amd64', os.version: '10.0', java.version: '16.0.1'
Driver info: driver.version: ChromeDriver
remote stacktrace: Backtrace:
Ordinal0 [0x0121FDC3+2555331]
Ordinal0 [0x011B77F1+2127857]
Ordinal0 [0x010B2E08+1060360]
Ordinal0 [0x010D19CA+1186250]
Ordinal0 [0x010CD825+1169445]
Ordinal0 [0x010CAFC1+1159105]
Ordinal0 [0x010FC22F+1360431]
Ordinal0 [0x010FBE9A+1359514]
Ordinal0 [0x010F7976+1341814]
Ordinal0 [0x010D36B6+1193654]
Ordinal0 [0x010D4546+1197382]
GetHandleVerifier [0x013B9622+1619522]
GetHandleVerifier [0x0146882C+2336844]
GetHandleVerifier [0x012B23E1+541697]
GetHandleVerifier [0x012B1443+537699]
Ordinal0 [0x011BD18E+2150798]
Ordinal0 [0x011C1518+2168088]
Ordinal0 [0x011C1660+2168416]
Ordinal0 [0x011CB330+2208560]
BaseThreadInitThunk [0x759CFA29+25]
RtlGetAppContainerNamedObjectPath [0x77817A9E+286]
RtlGetAppContainerNamedObjectPath [0x77817A6E+238]

at java.base/jdk.internal.reflect.NativeConstructorAccessorImpl.newInstance0(Native Method)
at java.base/jdk.internal.reflect.NativeConstructorAccessorImpl.newInstance(NativeConstructorAccessorImpl.java:78)
at java.base/jdk.internal.reflect.DelegatingConstructorAccessorImpl.newInstance(DelegatingConstructorAccessorImpl.java:45)
at java.base/java.lang.reflect.Constructor.newInstanceWithCaller(Constructor.java:499)
at java.base/java.lang.reflect.Constructor.newInstance(Constructor.java:480)
at org.openqa.selenium.remote.W3CHandshakeResponse.lambda$errorHandler$0(W3CHandshakeResponse.java:62)
at org.openqa.selenium.remote.HandshakeResponse.lambda$getResponseFunction$0(HandshakeResponse.java:30)
at org.openqa.selenium.remote.ProtocolHandshake.lambda$createSession$0(ProtocolHandshake.java:126)
at java.base/java.util.stream.ReferencePipeline$3$1.accept(ReferencePipeline.java:197)
at java.base/java.util.Spliterators$ArraySpliterator.tryAdvance(Spliterators.java:958)
at java.base/java.util.stream.ReferencePipeline.forEachWithCancel(ReferencePipeline.java:129)
at java.base/java.util.stream.AbstractPipeline.copyIntoWithCancel(AbstractPipeline.java:502)
at java.base/java.util.stream.AbstractPipeline.copyInto(AbstractPipeline.java:488)
at java.base/java.util.stream.AbstractPipeline.wrapAndCopyInto(AbstractPipeline.java:474)
at java.base/java.util.stream.FindOps$FindOp.evaluateSequential(FindOps.java:150)
at java.base/java.util.stream.AbstractPipeline.evaluate(AbstractPipeline.java:234)
at java.base/java.util.stream.ReferencePipeline.findFirst(ReferencePipeline.java:647)
at org.openqa.selenium.remote.ProtocolHandshake.createSession(ProtocolHandshake.java:128)
at org.openqa.selenium.remote.ProtocolHandshake.createSession(ProtocolHandshake.java:74)
at org.openqa.selenium.remote.HttpCommandExecutor.execute(HttpCommandExecutor.java:136)
at org.openqa.selenium.remote.service.DriverCommandExecutor.execute(DriverCommandExecutor.java:83)
at org.openqa.selenium.remote.RemoteWebDriver.execute(RemoteWebDriver.java:552)
at org.openqa.selenium.remote.RemoteWebDriver.startSession(RemoteWebDriver.java:213)
at org.openqa.selenium.remote.RemoteWebDriver.<init>(RemoteWebDriver.java:131)
at org.openqa.selenium.chrome.ChromeDriver.<init>(ChromeDriver.java:181)
at org.openqa.selenium.chrome.ChromeDriver.<init>(ChromeDriver.java:168)
at org.openqa.selenium.chrome.ChromeDriver.<init>(ChromeDriver.java:123)
at com.opensource.base.Base.chromeDriver(Base.java:53)
at com.opensource.qa.TC001_Admin_SearchEmployee.beforeTest(TC001_Admin_SearchEmployee.java:49)
at java.base/jdk.internal.reflect.NativeMethodAccessorImpl.invoke0(Native Method)
at java.base/jdk.internal.reflect.NativeMethodAccessorImpl.invoke(NativeMethodAccessorImpl.java:78)
at java.base/jdk.internal.reflect.DelegatingMethodAccessorImpl.invoke(DelegatingMethodAccessorImpl.java:43)
at java.base/java.lang.reflect.Method.invoke(Method.java:567)
at org.testng.internal.MethodInvocationHelper.invokeMethod(MethodInvocationHelper.java:124)
at org.testng.internal.MethodInvocationHelper.invokeMethodConsideringTimeout(MethodInvocationHelper.java:59)
at org.testng.internal.Invoker.invokeConfigurationMethod(Invoker.java:458)
at org.testng.internal.Invoker.invokeConfigurations(Invoker.java:222)
at org.testng.internal.Invoker.invokeConfigurations(Invoker.java:142)
at org.testng.TestRunner.beforeRun(TestRunner.java:529)
at org.testng.TestRunner.run(TestRunner.java:497)
at org.testng.SuiteRunner.runTest(SuiteRunner.java:455)
at org.testng.SuiteRunner.runSequentially(SuiteRunner.java:450)
at org.testng.SuiteRunner.privateRun(SuiteRunner.java:415)
at org.testng.SuiteRunner.run(SuiteRunner.java:364)
at org.testng.SuiteRunnerWorker.runSuite(SuiteRunnerWorker.java:52)
at org.testng.SuiteRunnerWorker.run(SuiteRunnerWorker.java:84)
at org.testng.TestNG.runSuitesSequentially(TestNG.java:1208)
at org.testng.TestNG.runSuitesLocally(TestNG.java:1137)
at org.testng.TestNG.runSuites(TestNG.java:1049)
at org.testng.TestNG.run(TestNG.java:1017)
at org.testng.remote.AbstractRemoteTestNG.run(AbstractRemoteTestNG.java:115)
at org.testng.remote.RemoteTestNG.initAndRun(RemoteTestNG.java:251)
at org.testng.remote.RemoteTestNG.main(RemoteTestNG.java:77)
]]>
    </error>
  </testcase> <!-- beforeTest -->
</testsuite> <!-- com.opensource.qa.TC001_Admin_SearchEmployee -->
